Sender: LSF System <lsfadmin@cn062>
Subject: Job 516908: <Rscript --vanilla --verbose WGCNA_args_individual_blockwise.R /data/talkowski/hwick/projects/tutorials/WGCNA/bsWGCNA_PWS_interactive_server/PWS_26samples_5050bckgrnd_bs_Block17k_individual PWS_26samples_5050bckgrnd /data/talkowski/hwick/projects/XDP/bsWGCNA/data/PWS_counts_combat_norm_log2_25samples_5050background.txt Block17k_individual 17000> Done

Job <Rscript --vanilla --verbose WGCNA_args_individual_blockwise.R /data/talkowski/hwick/projects/tutorials/WGCNA/bsWGCNA_PWS_interactive_server/PWS_26samples_5050bckgrnd_bs_Block17k_individual PWS_26samples_5050bckgrnd /data/talkowski/hwick/projects/XDP/bsWGCNA/data/PWS_counts_combat_norm_log2_25samples_5050background.txt Block17k_individual 17000> was submitted from host <eris1n3> by user <hcw11> in cluster <cmucluster>.
Job was executed on host(s) <4*cn062>, in queue <big-multi>, as user <hcw11> in cluster <cmucluster>.
</PHShome/hcw11> was used as the home directory.
</PHShome/hcw11/xdp/scripts> was used as the working directory.
Started at Tue Oct  4 13:48:54 2022
Results reported at Tue Oct  4 14:35:03 2022

Your job looked like:

------------------------------------------------------------
# LSBATCH: User input
Rscript --vanilla --verbose WGCNA_args_individual_blockwise.R /data/talkowski/hwick/projects/tutorials/WGCNA/bsWGCNA_PWS_interactive_server/PWS_26samples_5050bckgrnd_bs_Block17k_individual PWS_26samples_5050bckgrnd /data/talkowski/hwick/projects/XDP/bsWGCNA/data/PWS_counts_combat_norm_log2_25samples_5050background.txt Block17k_individual 17000
------------------------------------------------------------

Successfully completed.

Resource usage summary:

    CPU time   :   2887.00 sec.
    Max Memory :      5766 MB
    Max Swap   :      6286 MB

    Max Processes  :         3
    Max Threads    :        10

The output (if any) follows:

[1] "2022-10-04 17:48:57 UTC"
Allowing multi-threading with up to 28 threads.
[1] "/data/talkowski/hwick/projects/tutorials/WGCNA/bsWGCNA_PWS_interactive_server/PWS_26samples_5050bckgrnd_bs_Block17k_individual"
[1] "proj_name:"
[1] "PWS_26samples_5050bckgrnd"
[1] "inData:"
[1] "/data/talkowski/hwick/projects/XDP/bsWGCNA/data/PWS_counts_combat_norm_log2_25samples_5050background.txt"
[1] "test_info:"
[1] "Block17k_individual"
[1] "maxBlockSize:"
[1] 17000
[1] "Performing quality control..."
 Flagging genes and samples with too many missing values...
  ..step 1
[1] TRUE
pdf 
  2 
[1] "...quality control done, see Plots/SampleClustering_1.6.pdf"
[1] "Retrieving trait data"
[1] "DEL" "WT" 
[1] 104  14
[1] 117  14
[1] "Trait data gathered for multiExpr; Saving data..."
[1] "How much power do you wield?"
[1] "2022-10-04 17:49:54 UTC"
pickSoftThreshold: will use block size 2667.
 pickSoftThreshold: calculating connectivity for given powers...
   ..working on genes 1 through 2667 of 16769
   ..working on genes 2668 through 5334 of 16769
   ..working on genes 5335 through 8001 of 16769
   ..working on genes 8002 through 10668 of 16769
   ..working on genes 10669 through 13335 of 16769
   ..working on genes 13336 through 16002 of 16769
   ..working on genes 16003 through 16769 of 16769
   Power SFT.R.sq slope truncated.R.sq mean.k. median.k. max.k.
1      2    0.136 -8.07          0.921 4600.00   4590.00 5110.0
2      3    0.206 -4.07          0.916 2720.00   2690.00 3440.0
3      4    0.272 -2.83          0.911 1690.00   1660.00 2480.0
4      5    0.345 -2.34          0.907 1110.00   1070.00 1870.0
5      6    0.418 -2.09          0.906  752.00    717.00 1460.0
6      7    0.484 -1.93          0.912  527.00    493.00 1160.0
7      8    0.539 -1.86          0.914  380.00    346.00  949.0
8      9    0.592 -1.83          0.918  281.00    249.00  786.0
9     10    0.631 -1.82          0.921  211.00    181.00  660.0
10    11    0.665 -1.81          0.923  162.00    134.00  560.0
11    12    0.697 -1.80          0.931  126.00    101.00  480.0
12    13    0.715 -1.81          0.931   99.90     76.40  415.0
13    14    0.734 -1.81          0.935   80.00     58.50  361.0
14    15    0.759 -1.79          0.945   64.80     45.30  316.0
15    16    0.777 -1.79          0.952   53.00     35.40  278.0
16    17    0.788 -1.79          0.955   43.70     27.80  246.0
17    18    0.787 -1.83          0.954   36.40     22.00  222.0
18    19    0.797 -1.84          0.959   30.50     17.50  200.0
19    20    0.796 -1.88          0.959   25.70     14.00  182.0
20    21    0.801 -1.89          0.962   21.90     11.30  166.0
21    22    0.797 -1.92          0.961   18.70      9.16  151.0
22    23    0.791 -1.94          0.957   16.10      7.47  139.0
23    24    0.789 -1.95          0.957   13.90      6.13  128.0
24    25    0.772 -2.01          0.949   12.00      5.04  118.0
25    26    0.780 -2.02          0.955   10.50      4.17  109.0
26    27    0.787 -2.02          0.961    9.19      3.47  101.0
27    28    0.777 -2.05          0.958    8.07      2.87   93.7
28    29    0.784 -2.04          0.963    7.11      2.40   87.1
29    30    0.790 -2.04          0.967    6.29      2.01   81.2
pdf 
  2 
[1] "power"
[1] 21
[1] "2022-10-04 17:53:04 UTC"
[1] "Done. Calculating Adjacencies..."
[1] "Beginning blockwise individual module creation"
[1] "2022-10-04 17:53:04 UTC"
 Calculating module eigengenes block-wise from all genes
   Flagging genes and samples with too many missing values...
    ..step 1
 ..Working on block 1 .
    TOM calculation: adjacency..
    ..will use 28 parallel threads.
     Fraction of slow calculations: 0.000000
    ..connectivity..
    ..matrix multiplication (system BLAS)..
    ..normalization..
    ..done.
   ..saving TOM for block 1 into file PWS_full_TOM-block.1.RData
 ....clustering..
 ....detecting modules..
 ....calculating module eigengenes..
 ....checking kME in modules..
     ..removing 1 genes from module 1 because their KME is too low.
     ..removing 1 genes from module 9 because their KME is too low.
  ..reassigning 5 genes from module 4 to modules with higher KME.
  ..reassigning 3 genes from module 7 to modules with higher KME.
  ..reassigning 5 genes from module 8 to modules with higher KME.
  ..reassigning 1 genes from module 9 to modules with higher KME.
  ..reassigning 1 genes from module 12 to modules with higher KME.
  ..reassigning 3 genes from module 13 to modules with higher KME.
  ..reassigning 1 genes from module 15 to modules with higher KME.
  ..reassigning 2 genes from module 17 to modules with higher KME.
  ..reassigning 1 genes from module 25 to modules with higher KME.
  ..reassigning 2 genes from module 37 to modules with higher KME.
  ..reassigning 1 genes from module 41 to modules with higher KME.
  ..reassigning 1 genes from module 45 to modules with higher KME.
  ..reassigning 1 genes from module 49 to modules with higher KME.
  ..reassigning 1 genes from module 58 to modules with higher KME.
 ..merging modules that are too close..
     mergeCloseModules: Merging modules whose distance is less than 0.25
       Calculating new MEs...
[1] "2022-10-04 18:35:01 UTC"
[1] "Blockwise modules done. Extracting modules...."
pdf 
  2 
mergedColors
        black          blue         brown          cyan     darkgreen 
          947          1338          1278           415           102 
     darkgrey    darkorange       darkred darkturquoise         green 
           82            45           210            86          1201 
  greenyellow          grey        grey60     lightcyan    lightgreen 
          613          1072           354           362           315 
  lightyellow       magenta  midnightblue        orange          pink 
          254           728           376            61           868 
       purple           red     royalblue        salmon       skyblue 
          669          1134           214           503            42 
          tan     turquoise         white        yellow 
          533          1703            43          1221 
[1] "There are 29 modules"
[1] "2022-10-04 18:35:02 UTC"
[1] "Modules extracted. See ConsensusDendrogram-auto.pdf. Saving final objects and environment..."
[1] "Success! Analysis complete!"
[1] "2022-10-04 18:35:02 UTC"


PS:

Read file </data/talkowski/hwick/projects/tutorials/WGCNA/bsWGCNA_PWS_interactive_server/PWS_26samples_5050bckgrnd_bs_Block17k_individual/Jobs/516908.err> for stderr output of this job.

